[2025-11-13T22:13:48.374+0000] {local_task_job_runner.py:120} INFO - ::group::Pre task execution logs
[2025-11-13T22:13:48.388+0000] {taskinstance.py:2076} INFO - Dependencies all met for dep_context=non-requeueable deps ti=<TaskInstance: ingest_data_dag.save_statistics manual__2025-11-13T22:13:40.115815+00:00 [queued]>
[2025-11-13T22:13:48.392+0000] {taskinstance.py:2076} INFO - Dependencies all met for dep_context=requeueable deps ti=<TaskInstance: ingest_data_dag.save_statistics manual__2025-11-13T22:13:40.115815+00:00 [queued]>
[2025-11-13T22:13:48.392+0000] {taskinstance.py:2306} INFO - Starting attempt 1 of 1
[2025-11-13T22:13:48.402+0000] {taskinstance.py:2330} INFO - Executing <Task(PythonOperator): save_statistics> on 2025-11-13 22:13:40.115815+00:00
[2025-11-13T22:13:48.408+0000] {standard_task_runner.py:90} INFO - Running: ['airflow', 'tasks', 'run', 'ingest_data_dag', 'save_statistics', 'manual__2025-11-13T22:13:40.115815+00:00', '--job-id', '30', '--raw', '--subdir', 'DAGS_FOLDER/ingest_data_dag.py', '--cfg-path', '/tmp/tmpucpjcbmh']
[2025-11-13T22:13:48.410+0000] {standard_task_runner.py:91} INFO - Job 30: Subtask save_statistics
[2025-11-13T22:13:48.411+0000] {logging_mixin.py:188} WARNING - /home/airflow/.local/lib/python3.12/site-packages/airflow/task/task_runner/standard_task_runner.py:61 DeprecationWarning: This process (pid=103) is multi-threaded, use of fork() may lead to deadlocks in the child.
[2025-11-13T22:13:48.412+0000] {standard_task_runner.py:63} INFO - Started process 112 to run task
[2025-11-13T22:13:48.437+0000] {task_command.py:426} INFO - Running <TaskInstance: ingest_data_dag.save_statistics manual__2025-11-13T22:13:40.115815+00:00 [running]> on host 6cd41f8e9f6b
[2025-11-13T22:13:48.478+0000] {taskinstance.py:2648} INFO - Exporting env vars: AIRFLOW_CTX_DAG_OWNER='airflow' AIRFLOW_CTX_DAG_ID='ingest_data_dag' AIRFLOW_CTX_TASK_ID='save_statistics' AIRFLOW_CTX_EXECUTION_DATE='2025-11-13T22:13:40.115815+00:00' AIRFLOW_CTX_TRY_NUMBER='1' AIRFLOW_CTX_DAG_RUN_ID='manual__2025-11-13T22:13:40.115815+00:00'
[2025-11-13T22:13:48.479+0000] {taskinstance.py:430} INFO - ::endgroup::
[2025-11-13T22:13:48.490+0000] {taskinstance.py:441} INFO - ::group::Post task execution logs
[2025-11-13T22:13:48.491+0000] {taskinstance.py:2905} ERROR - Task failed with exception
Traceback (most recent call last):
  File "/home/airflow/.local/lib/python3.12/site-packages/airflow/models/taskinstance.py", line 465, in _execute_task
    result = _execute_callable(context=context, **execute_callable_kwargs)
             ^^^^^^^^^^^^^^^^^^^^^^^^^^^^^^^^^^^^^^^^^^^^^^^^^^^^^^^^^^^^^
  File "/home/airflow/.local/lib/python3.12/site-packages/airflow/models/taskinstance.py", line 432, in _execute_callable
    return execute_callable(context=context, **execute_callable_kwargs)
           ^^^^^^^^^^^^^^^^^^^^^^^^^^^^^^^^^^^^^^^^^^^^^^^^^^^^^^^^^^^^
  File "/home/airflow/.local/lib/python3.12/site-packages/airflow/models/baseoperator.py", line 400, in wrapper
    return func(self, *args, **kwargs)
           ^^^^^^^^^^^^^^^^^^^^^^^^^^^
  File "/home/airflow/.local/lib/python3.12/site-packages/airflow/operators/python.py", line 235, in execute
    return_value = self.execute_callable()
                   ^^^^^^^^^^^^^^^^^^^^^^^
  File "/home/airflow/.local/lib/python3.12/site-packages/airflow/operators/python.py", line 252, in execute_callable
    return self.python_callable(*self.op_args, **self.op_kwargs)
           ^^^^^^^^^^^^^^^^^^^^^^^^^^^^^^^^^^^^^^^^^^^^^^^^^^^^^
  File "/opt/airflow/dags/ingest_data_dag.py", line 61, in save_statistics
    print(json.dumps(stats, indent=2))
          ^^^^^^^^^^^^^^^^^^^^^^^^^^^
  File "/usr/local/lib/python3.12/json/__init__.py", line 238, in dumps
    **kw).encode(obj)
          ^^^^^^^^^^^
  File "/usr/local/lib/python3.12/json/encoder.py", line 202, in encode
    chunks = list(chunks)
             ^^^^^^^^^^^^
  File "/usr/local/lib/python3.12/json/encoder.py", line 432, in _iterencode
    yield from _iterencode_dict(o, _current_indent_level)
  File "/usr/local/lib/python3.12/json/encoder.py", line 406, in _iterencode_dict
    yield from chunks
  File "/usr/local/lib/python3.12/json/encoder.py", line 439, in _iterencode
    o = _default(o)
        ^^^^^^^^^^^
  File "/usr/local/lib/python3.12/json/encoder.py", line 180, in default
    raise TypeError(f'Object of type {o.__class__.__name__} '
TypeError: Object of type int64 is not JSON serializable
[2025-11-13T22:13:48.496+0000] {taskinstance.py:1206} INFO - Marking task as FAILED. dag_id=ingest_data_dag, task_id=save_statistics, run_id=manual__2025-11-13T22:13:40.115815+00:00, execution_date=20251113T221340, start_date=20251113T221348, end_date=20251113T221348
[2025-11-13T22:13:48.505+0000] {standard_task_runner.py:110} ERROR - Failed to execute job 30 for task save_statistics (Object of type int64 is not JSON serializable; 112)
[2025-11-13T22:13:48.515+0000] {local_task_job_runner.py:240} INFO - Task exited with return code 1
[2025-11-13T22:13:48.526+0000] {taskinstance.py:3498} INFO - 0 downstream tasks scheduled from follow-on schedule check
[2025-11-13T22:13:48.527+0000] {local_task_job_runner.py:222} INFO - ::endgroup::
